0 info it worked if it ends with ok
1 verbose cli [ 'E:\\nvm_node\\nvm\\nodejs\\node.exe',
1 verbose cli   'E:\\nvm_node\\nvm\\npm\\node_modules\\npm\\bin\\npm-cli.js',
1 verbose cli   'start' ]
2 info using npm@3.7.5
3 info using node@v5.7.0
4 verbose run-script [ 'prestart', 'start', 'poststart' ]
5 info lifecycle angular-boilerplate@1.0.0~prestart: angular-boilerplate@1.0.0
6 verbose lifecycle angular-boilerplate@1.0.0~prestart: unsafe-perm in lifecycle true
7 verbose lifecycle angular-boilerplate@1.0.0~prestart: PATH: E:\nvm_node\nvm\npm\node_modules\npm\bin\node-gyp-bin;F:\NGProject\itcastAngular\moviecat\node_modules\.bin;E:\nvm_node\nvm\nodejs;F:\app\Carl_Hugo\product\11.2.0\dbhome_1\bin;C:\Program Files (x86)\Tencent\QQLite\bin;C:\Program Files\TortoiseSVN\bin;C:\Program Files\Java\jdk1.7.0_51\bin;C:\Program Files (x86)\AMD APP\bin\x86_64;C:\Program Files (x86)\AMD APP\bin\x86;C:\Windows\system32;C:\Windows;C:\Windows\System32\Wbem;C:\Windows\System32\WindowsPowerShell\v1.0\;C:\Program Files (x86)\Intel\OpenCL SDK\2.0\bin\x86;C:\Program Files (x86)\Intel\OpenCL SDK\2.0\bin\x64;C:\Program Files (x86)\ATI Technologies\ATI.ACE\Core-Static;C:\Program Files (x86)\Microsoft SQL Server\100\Tools\Binn\;C:\Program Files\Microsoft SQL Server\100\Tools\Binn\;C:\Program Files\Microsoft SQL Server\100\DTS\Binn\;c:\Program Files\WIDCOMM\Bluetooth Software\;c:\Program Files\WIDCOMM\Bluetooth Software\syswow64;C:\Program Files (x86)\Calibre2\;E:\mysql\bin;C:\Program Files\TortoiseSVN\bin;E:\Git\Git\cmd;C:\Program Files (x86)\Tencent\QQLite\;E:\nvm_node\nvm\npm;E:\nvm_node\nvm;E:\nvm_node\nvm\nodejs
8 verbose lifecycle angular-boilerplate@1.0.0~prestart: CWD: F:\NGProject\itcastAngular\moviecat
9 silly lifecycle angular-boilerplate@1.0.0~prestart: Args: [ '/d /s /c', 'npm install' ]
10 silly lifecycle angular-boilerplate@1.0.0~prestart: Returned: code: 0  signal: null
11 info lifecycle angular-boilerplate@1.0.0~start: angular-boilerplate@1.0.0
12 verbose lifecycle angular-boilerplate@1.0.0~start: unsafe-perm in lifecycle true
13 verbose lifecycle angular-boilerplate@1.0.0~start: PATH: E:\nvm_node\nvm\npm\node_modules\npm\bin\node-gyp-bin;F:\NGProject\itcastAngular\moviecat\node_modules\.bin;E:\nvm_node\nvm\nodejs;F:\app\Carl_Hugo\product\11.2.0\dbhome_1\bin;C:\Program Files (x86)\Tencent\QQLite\bin;C:\Program Files\TortoiseSVN\bin;C:\Program Files\Java\jdk1.7.0_51\bin;C:\Program Files (x86)\AMD APP\bin\x86_64;C:\Program Files (x86)\AMD APP\bin\x86;C:\Windows\system32;C:\Windows;C:\Windows\System32\Wbem;C:\Windows\System32\WindowsPowerShell\v1.0\;C:\Program Files (x86)\Intel\OpenCL SDK\2.0\bin\x86;C:\Program Files (x86)\Intel\OpenCL SDK\2.0\bin\x64;C:\Program Files (x86)\ATI Technologies\ATI.ACE\Core-Static;C:\Program Files (x86)\Microsoft SQL Server\100\Tools\Binn\;C:\Program Files\Microsoft SQL Server\100\Tools\Binn\;C:\Program Files\Microsoft SQL Server\100\DTS\Binn\;c:\Program Files\WIDCOMM\Bluetooth Software\;c:\Program Files\WIDCOMM\Bluetooth Software\syswow64;C:\Program Files (x86)\Calibre2\;E:\mysql\bin;C:\Program Files\TortoiseSVN\bin;E:\Git\Git\cmd;C:\Program Files (x86)\Tencent\QQLite\;E:\nvm_node\nvm\npm;E:\nvm_node\nvm;E:\nvm_node\nvm\nodejs
14 verbose lifecycle angular-boilerplate@1.0.0~start: CWD: F:\NGProject\itcastAngular\moviecat
15 silly lifecycle angular-boilerplate@1.0.0~start: Args: [ '/d /s /c', 'hs -a localhost -p 9000 -o' ]
16 silly lifecycle angular-boilerplate@1.0.0~start: Returned: code: 1  signal: null
17 info lifecycle angular-boilerplate@1.0.0~start: Failed to exec start script
18 verbose stack Error: angular-boilerplate@1.0.0 start: `hs -a localhost -p 9000 -o`
18 verbose stack Exit status 1
18 verbose stack     at EventEmitter.<anonymous> (E:\nvm_node\nvm\npm\node_modules\npm\lib\utils\lifecycle.js:239:16)
18 verbose stack     at emitTwo (events.js:100:13)
18 verbose stack     at EventEmitter.emit (events.js:185:7)
18 verbose stack     at ChildProcess.<anonymous> (E:\nvm_node\nvm\npm\node_modules\npm\lib\utils\spawn.js:24:14)
18 verbose stack     at emitTwo (events.js:100:13)
18 verbose stack     at ChildProcess.emit (events.js:185:7)
18 verbose stack     at maybeClose (internal/child_process.js:827:16)
18 verbose stack     at Process.ChildProcess._handle.onexit (internal/child_process.js:211:5)
19 verbose pkgid angular-boilerplate@1.0.0
20 verbose cwd F:\NGProject\itcastAngular\moviecat
21 error Windows_NT 6.1.7601
22 error argv "E:\\nvm_node\\nvm\\nodejs\\node.exe" "E:\\nvm_node\\nvm\\npm\\node_modules\\npm\\bin\\npm-cli.js" "start"
23 error node v5.7.0
24 error npm  v3.7.5
25 error code ELIFECYCLE
26 error angular-boilerplate@1.0.0 start: `hs -a localhost -p 9000 -o`
26 error Exit status 1
27 error Failed at the angular-boilerplate@1.0.0 start script 'hs -a localhost -p 9000 -o'.
27 error Make sure you have the latest version of node.js and npm installed.
27 error If you do, this is most likely a problem with the angular-boilerplate package,
27 error not with npm itself.
27 error Tell the author that this fails on your system:
27 error     hs -a localhost -p 9000 -o
27 error You can get information on how to open an issue for this project with:
27 error     npm bugs angular-boilerplate
27 error Or if that isn't available, you can get their info via:
27 error     npm owner ls angular-boilerplate
27 error There is likely additional logging output above.
28 verbose exit [ 1, true ]
